{
  "RSpec": {
    "coverage": {
      "/sites/rate-mugwarrior/app/controllers/application_controller.rb": [
        1,
        1,
        null
      ],
      "/sites/rate-mugwarrior/app/helpers/application_helper.rb": [
        1,
        null
      ],
      "/sites/rate-mugwarrior/app/controllers/info_controller.rb": [
        1,
        1,
        null,
        null,
        1,
        0,
        null,
        null
      ],
      "/sites/rate-mugwarrior/app/controllers/users_controller.rb": [
        1,
        1,
        0,
        0,
        0,
        0,
        null,
        0,
        null,
        null,
        1,
        1,
        0,
        null,
        null
      ],
      "/sites/rate-mugwarrior/app/models/user.rb": [
        1,
        1,
        null,
        null,
        null,
        null,
        null
      ],
      "/sites/rate-mugwarrior/app/models/beer.rb": [
        1,
        1,
        1,
        1,
        null
      ],
      "/sites/rate-mugwarrior/app/models/brewer.rb": [
        1,
        1,
        null,
        1,
        null,
        null,
        null
      ]
    },
    "timestamp": 1371524698
  }
}
