{
  "RSpec": {
    "coverage": {
      "/sites/rate-mugwarrior/app/controllers/application_controller.rb": [
        1,
        1,
        null
      ],
      "/sites/rate-mugwarrior/app/helpers/application_helper.rb": [
        1,
        null
      ],
      "/sites/rate-mugwarrior/app/controllers/breweries_controller.rb": [
        1,
        null,
        null,
        1,
        0,
        null,
        0,
        0,
        0,
        null,
        null,
        null,
        null,
        null,
        1,
        0,
        null,
        0,
        0,
        0,
        null,
        null,
        null,
        null,
        null,
        1,
        0,
        null,
        0,
        0,
        0,
        null,
        null,
        null,
        null,
        1,
        0,
        null,
        null,
        null,
        null,
        1,
        0,
        null,
        0,
        0,
        0,
        0,
        null,
        0,
        0,
        null,
        null,
        null,
        null,
        null,
        null,
        1,
        0,
        null,
        0,
        0,
        0,
        0,
        null,
        0,
        0,
        null,
        null,
        null,
        null,
        null,
        null,
        1,
        0,
        0,
        null,
        0,
        0,
        0,
        null,
        null,
        null,
        1,
        null,
        null,
        null,
        null,
        1,
        0,
        null,
        null
      ],
      "/sites/rate-mugwarrior/app/models/brewery.rb": [
        1,
        null,
        1,
        null,
        null,
        null,
        null,
        null,
        null
      ],
      "/sites/rate-mugwarrior/app/controllers/info_controller.rb": [
        1,
        1,
        null,
        null,
        1,
        0,
        null,
        null
      ],
      "/sites/rate-mugwarrior/app/controllers/users_controller.rb": [
        1,
        1,
        0,
        0,
        0,
        0,
        null,
        0,
        null,
        null,
        1,
        1,
        0,
        null,
        null
      ],
      "/sites/rate-mugwarrior/app/models/user.rb": [
        1,
        1,
        null,
        null,
        null,
        null,
        null
      ]
    },
    "timestamp": 1373503769
  },
  "Cucumber Features": {
    "coverage": {
      "/sites/rate-mugwarrior/app/controllers/application_controller.rb": [
        1,
        1,
        null
      ],
      "/sites/rate-mugwarrior/app/helpers/application_helper.rb": [
        1,
        null
      ],
      "/sites/rate-mugwarrior/app/controllers/breweries_controller.rb": [
        1,
        null,
        null,
        1,
        1,
        null,
        1,
        1,
        1,
        null,
        null,
        null,
        null,
        null,
        1,
        0,
        null,
        0,
        0,
        0,
        null,
        null,
        null,
        null,
        null,
        1,
        0,
        null,
        0,
        0,
        0,
        null,
        null,
        null,
        null,
        1,
        0,
        null,
        null,
        null,
        null,
        1,
        0,
        null,
        0,
        0,
        0,
        0,
        null,
        0,
        0,
        null,
        null,
        null,
        null,
        null,
        null,
        1,
        0,
        null,
        0,
        0,
        0,
        0,
        null,
        0,
        0,
        null,
        null,
        null,
        null,
        null,
        null,
        1,
        0,
        0,
        null,
        0,
        0,
        0,
        null,
        null,
        null,
        1,
        null,
        null,
        null,
        null,
        1,
        0,
        null,
        null
      ],
      "/sites/rate-mugwarrior/app/models/brewery.rb": [
        1,
        null,
        1,
        null,
        null,
        null,
        null,
        null,
        null
      ],
      "/sites/rate-mugwarrior/app/controllers/info_controller.rb": [
        1,
        1,
        null,
        null,
        1,
        0,
        null,
        null
      ],
      "/sites/rate-mugwarrior/app/controllers/users_controller.rb": [
        1,
        1,
        0,
        0,
        0,
        0,
        null,
        0,
        null,
        null,
        1,
        1,
        0,
        null,
        null
      ],
      "/sites/rate-mugwarrior/app/models/user.rb": [
        1,
        1,
        null,
        null,
        null,
        null,
        null
      ]
    },
    "timestamp": 1373503652
  }
}
